<?xml version='1.0' encoding="ISO-8859-1" ?>
<wfs:FeatureCollection
  xmlns:bgt="http://www.kadaster.nl/bgt/simpleBgtFeature"
  xmlns:gml="http://www.opengis.net/gml"
  xmlns:wfs="http://www.opengis.net/wfs"
  xmlns:xsi="http://www.w3.org/2001/XMLSchema-instance"
  xsi:schemaLocation="http://www.kadaster.nl/bgt/simpleBgtFeature simpleBgtFeature.xsd http://www.opengis.net/wfs http://schemas.opengis.net/wfs/1.1.0/wfs.xsd"> <gml:featureMembers>
  <gml:featureMember gml:id="B0001.0e3588e6ab774bc11b15ab6b1761ac97">
    <bgt:bgtFeature>
      <gml:MultiSurface>                     <gml:surfaceMember>                         <gml:Polygon>                             <gml:exterior>                                 <gml:Ring>                                     <gml:curveMember>                                         <gml:LineString>                                             <gml:posList>50 50 0 50 0 0 50 0 50 50</gml:posList>                                         </gml:LineString>                                     </gml:curveMember>                                 </gml:Ring>                             </gml:exterior>                         </gml:Polygon>                     </gml:surfaceMember>                 </gml:MultiSurface>
      <bgt:type>PND</bgt:type>
      <bgt:foutCode>lv_nieuw</bgt:foutCode>
    </bgt:bgtFeature>
  </gml:featureMember>
  <gml:featureMember gml:id="B0001.94274b7205094464b3fd6b19997936bc">
    <bgt:bgtFeature>
      <gml:Point>                     <gml:pos>50 50</gml:pos>                 </gml:Point>
      <bgt:type>PBP</bgt:type>
      <bgt:foutCode>lv_nieuw</bgt:foutCode>
    </bgt:bgtFeature>
  </gml:featureMember>
  <gml:featureMember gml:id="B0001.ad204a8d48094dabb97d370610bb6dcc">
    <bgt:bgtFeature>
      <gml:Point>                     <gml:pos>0 50</gml:pos>                 </gml:Point>
      <bgt:type>PBP</bgt:type>
      <bgt:foutCode>lv_nieuw</bgt:foutCode>
    </bgt:bgtFeature>
  </gml:featureMember>
  <gml:featureMember gml:id="B0001.0d2c903d0f684d80b169f4895060c252">
    <bgt:bgtFeature>
      <gml:Point>                     <gml:pos>0 0</gml:pos>                 </gml:Point>
      <bgt:type>PBP</bgt:type>
      <bgt:foutCode>lv_nieuw</bgt:foutCode>
    </bgt:bgtFeature>
  </gml:featureMember>
  <gml:featureMember gml:id="B0001.4c466c7655a7495bb50769df67a183e8">
    <bgt:bgtFeature>
      <gml:Point>                     <gml:pos>50 0</gml:pos>                 </gml:Point>
      <bgt:type>PBP</bgt:type>
      <bgt:foutCode>lv_nieuw</bgt:foutCode>
    </bgt:bgtFeature>
  </gml:featureMember>
  <gml:featureMember gml:id="B0001.0e3588e6ab774bc11b15ab6b1761ac98">
    <bgt:bgtFeature>
      <gml:MultiSurface xmlns:gml="http://www.opengis.net/gml">                     <gml:surfaceMember>                         <gml:Polygon>                             <gml:exterior>                                 <gml:Ring>                                     <gml:curveMember>                                         <gml:LineString>                                             <gml:posList>100 50 50 50 50 0 100 0 100 50</gml:posList>                                         </gml:LineString>                                     </gml:curveMember>                                 </gml:Ring>                             </gml:exterior>                         </gml:Polygon>                     </gml:surfaceMember>                 </gml:MultiSurface>
      <bgt:type>PND</bgt:type>
      <bgt:foutCode>lv_nieuw</bgt:foutCode>
    </bgt:bgtFeature>
  </gml:featureMember>
  <gml:featureMember gml:id="B0001.94274b7205094464b3fd6b19997936bd">
    <bgt:bgtFeature>
      <gml:Point>                     <gml:pos>100 50</gml:pos>                 </gml:Point>
      <bgt:type>PBP</bgt:type>
      <bgt:foutCode>lv_nieuw</bgt:foutCode>
    </bgt:bgtFeature>
  </gml:featureMember>
  <gml:featureMember gml:id="B0001.ad204a8d48094dabb97d370610bb6dcd">
    <bgt:bgtFeature>
      <gml:Point>                     <gml:pos>50 50</gml:pos>                 </gml:Point>
      <bgt:type>PBP</bgt:type>
      <bgt:foutCode>lv_nieuw</bgt:foutCode>
    </bgt:bgtFeature>
  </gml:featureMember>
  <gml:featureMember gml:id="B0001.0d2c903d0f684d80b169f4895060c253">
    <bgt:bgtFeature>
      <gml:Point>                     <gml:pos>50 0</gml:pos>                 </gml:Point>
      <bgt:type>PBP</bgt:type>
      <bgt:foutCode>lv_nieuw</bgt:foutCode>
    </bgt:bgtFeature>
  </gml:featureMember>
  <gml:featureMember gml:id="B0001.4c466c7655a7495bb50769df67a183e9">
    <bgt:bgtFeature>
      <gml:Point>                     <gml:pos>100 0</gml:pos>                 </gml:Point>
      <bgt:type>PBP</bgt:type>
      <bgt:foutCode>lv_nieuw</bgt:foutCode>
    </bgt:bgtFeature>
  </gml:featureMember>
  <gml:featureMember gml:id="B0001.0e3588e6ab774bc11b15ab6b1761ac99">
    <bgt:bgtFeature>
      <gml:MultiSurface xmlns:gml="http://www.opengis.net/gml">                     <gml:surfaceMember>                         <gml:Polygon>                             <gml:exterior>                                 <gml:Ring>                                     <gml:curveMember>                                         <gml:LineString>                                             <gml:posList>100 100 50 100 50 50 100 50 100 100</gml:posList>                                         </gml:LineString>                                     </gml:curveMember>                                 </gml:Ring>                             </gml:exterior>                         </gml:Polygon>                     </gml:surfaceMember>                 </gml:MultiSurface>
      <bgt:type>PND</bgt:type>
      <bgt:foutCode>lv_nieuw</bgt:foutCode>
    </bgt:bgtFeature>
  </gml:featureMember>
  <gml:featureMember gml:id="B0001.94274b7205094464b3fd6b19997936be">
    <bgt:bgtFeature>
      <gml:Point>                     <gml:pos>100 100</gml:pos>                 </gml:Point>
      <bgt:type>PBP</bgt:type>
      <bgt:foutCode>lv_nieuw</bgt:foutCode>
    </bgt:bgtFeature>
  </gml:featureMember>
  <gml:featureMember gml:id="B0001.ad204a8d48094dabb97d370610bb6dce">
    <bgt:bgtFeature>
      <gml:Point>                     <gml:pos>50 100</gml:pos>                 </gml:Point>
      <bgt:type>PBP</bgt:type>
      <bgt:foutCode>lv_nieuw</bgt:foutCode>
    </bgt:bgtFeature>
  </gml:featureMember>
  <gml:featureMember gml:id="B0001.0d2c903d0f684d80b169f4895060c254">
    <bgt:bgtFeature>
      <gml:Point>                     <gml:pos>50 50</gml:pos>                 </gml:Point>
      <bgt:type>PBP</bgt:type>
      <bgt:foutCode>lv_nieuw</bgt:foutCode>
    </bgt:bgtFeature>
  </gml:featureMember>
  <gml:featureMember gml:id="B0001.4c466c7655a7495bb50769df67a18310">
    <bgt:bgtFeature>
      <gml:Point>                     <gml:pos>100 50</gml:pos>                 </gml:Point>
      <bgt:type>PBP</bgt:type>
      <bgt:foutCode>lv_nieuw</bgt:foutCode>
    </bgt:bgtFeature>
  </gml:featureMember>
  <gml:featureMember gml:id="B0001.0e3588e6ab774bc11b15ab6b1761a100">
    <bgt:bgtFeature>
      <gml:MultiSurface xmlns:gml="http://www.opengis.net/gml">                     <gml:surfaceMember>                         <gml:Polygon>                             <gml:exterior>                                 <gml:Ring>                                     <gml:curveMember>                                         <gml:LineString>                                             <gml:posList>50 100 0 100 0 50 50 50 50 100</gml:posList>                                         </gml:LineString>                                     </gml:curveMember>                                 </gml:Ring>                             </gml:exterior>                         </gml:Polygon>                     </gml:surfaceMember>                 </gml:MultiSurface>
      <bgt:type>PND</bgt:type>
      <bgt:foutCode>lv_nieuw</bgt:foutCode>
    </bgt:bgtFeature>
  </gml:featureMember>
  <gml:featureMember gml:id="B0001.94274b7205094464b3fd6b19997936bf">
    <bgt:bgtFeature>
      <gml:Point>                     <gml:pos>50 100</gml:pos>                 </gml:Point>
      <bgt:type>PBP</bgt:type>
      <bgt:foutCode>lv_nieuw</bgt:foutCode>
    </bgt:bgtFeature>
  </gml:featureMember>
  <gml:featureMember gml:id="B0001.ad204a8d48094dabb97d370610bb6dcf">
    <bgt:bgtFeature>
      <gml:Point>                     <gml:pos>0 100</gml:pos>                 </gml:Point>
      <bgt:type>PBP</bgt:type>
      <bgt:foutCode>lv_nieuw</bgt:foutCode>
    </bgt:bgtFeature>
  </gml:featureMember>
  <gml:featureMember gml:id="B0001.0d2c903d0f684d80b169f4895060c255">
    <bgt:bgtFeature>
      <gml:Point>                     <gml:pos>0 50</gml:pos>                 </gml:Point>
      <bgt:type>PBP</bgt:type>
      <bgt:foutCode>lv_nieuw</bgt:foutCode>
    </bgt:bgtFeature>
  </gml:featureMember>
  <gml:featureMember gml:id="B0001.4c466c7655a7495bb50769df67a18311">
    <bgt:bgtFeature>
      <gml:Point>                     <gml:pos>50 50</gml:pos>                 </gml:Point>
      <bgt:type>PBP</bgt:type>
      <bgt:foutCode>lv_nieuw</bgt:foutCode>
    </bgt:bgtFeature>
  </gml:featureMember>
  <gml:featureMember gml:id="B0001.0e3588e6ab774bc11b15ab6b1761a101">
    <bgt:bgtFeature>
      <gml:MultiSurface xmlns:gml="http://www.opengis.net/gml">                     <gml:surfaceMember>                         <gml:Polygon>                             <gml:exterior>                                 <gml:Ring>                                     <gml:curveMember>                                         <gml:LineString>                                             <gml:posList>100 0 50 0 0 0 0 -50 100 -50 100 0</gml:posList>                                         </gml:LineString>                                     </gml:curveMember>                                 </gml:Ring>                             </gml:exterior>                         </gml:Polygon>                     </gml:surfaceMember>                 </gml:MultiSurface>
      <bgt:type>PND</bgt:type>
      <bgt:foutCode>lv_nieuw</bgt:foutCode>
    </bgt:bgtFeature>
  </gml:featureMember>
  <gml:featureMember gml:id="B0001.94274b7205094464b3fd6b19997936b1">
    <bgt:bgtFeature>
      <gml:Point>                     <gml:pos>100 0</gml:pos>                 </gml:Point>
      <bgt:type>PBP</bgt:type>
      <bgt:foutCode>lv_nieuw</bgt:foutCode>
    </bgt:bgtFeature>
  </gml:featureMember>
  <gml:featureMember gml:id="B0001.ad204a8d48094dabb97d370610bb6dc1">
    <bgt:bgtFeature>
      <gml:Point>                     <gml:pos>0 0</gml:pos>                 </gml:Point>
      <bgt:type>PBP</bgt:type>
      <bgt:foutCode>lv_nieuw</bgt:foutCode>
    </bgt:bgtFeature>
  </gml:featureMember>
  <gml:featureMember gml:id="B0001.0d2c903d0f684d80b169f4895060c256">
    <bgt:bgtFeature>
      <gml:Point>                     <gml:pos>0 -50</gml:pos>                 </gml:Point>
      <bgt:type>PBP</bgt:type>
      <bgt:foutCode>lv_nieuw</bgt:foutCode>
    </bgt:bgtFeature>
  </gml:featureMember>
  <gml:featureMember gml:id="B0001.4c466c7655a7495bb50769df67a18312">
    <bgt:bgtFeature>
      <gml:Point>                     <gml:pos>100 -50</gml:pos>                 </gml:Point>
      <bgt:type>PBP</bgt:type>
      <bgt:foutCode>lv_nieuw</bgt:foutCode>
    </bgt:bgtFeature>
  </gml:featureMember>
  <gml:featureMember gml:id="B0001.0e3588e6ab774bc11b15ab6b1761a102">
    <bgt:bgtFeature>
      <gml:MultiSurface xmlns:gml="http://www.opengis.net/gml">                     <gml:surfaceMember>                         <gml:Polygon>                             <gml:exterior>                                 <gml:Ring>                                     <gml:curveMember>                                         <gml:LineString>                                             <gml:posList>100 150 0 150 0 100 50 100 100 100 100 150</gml:posList>                                         </gml:LineString>                                     </gml:curveMember>                                 </gml:Ring>                             </gml:exterior>                         </gml:Polygon>                     </gml:surfaceMember>                 </gml:MultiSurface>
      <bgt:type>PND</bgt:type>
      <bgt:foutCode>lv_nieuw</bgt:foutCode>
    </bgt:bgtFeature>
  </gml:featureMember>
  <gml:featureMember gml:id="B0001.94274b7205094464b3fd6b19997936b2">
    <bgt:bgtFeature>
      <gml:Point>                     <gml:pos>100 150</gml:pos>                 </gml:Point>
      <bgt:type>PBP</bgt:type>
      <bgt:foutCode>lv_nieuw</bgt:foutCode>
    </bgt:bgtFeature>
  </gml:featureMember>
  <gml:featureMember gml:id="B0001.ad204a8d48094dabb97d370610bb6dc2">
    <bgt:bgtFeature>
      <gml:Point>                     <gml:pos>0 150</gml:pos>                 </gml:Point>
      <bgt:type>PBP</bgt:type>
      <bgt:foutCode>lv_nieuw</bgt:foutCode>
    </bgt:bgtFeature>
  </gml:featureMember>
  <gml:featureMember gml:id="B0001.0d2c903d0f684d80b169f4895060c257">
    <bgt:bgtFeature>
      <gml:Point>                     <gml:pos>0 100</gml:pos>                 </gml:Point>
      <bgt:type>PBP</bgt:type>
      <bgt:foutCode>lv_nieuw</bgt:foutCode>
    </bgt:bgtFeature>
  </gml:featureMember>
  <gml:featureMember gml:id="B0001.4c466c7655a7495bb50769df67a18313">
    <bgt:bgtFeature>
      <gml:Point>                     <gml:pos>100 100</gml:pos>                 </gml:Point>
      <bgt:type>PBP</bgt:type>
      <bgt:foutCode>lv_nieuw</bgt:foutCode>
    </bgt:bgtFeature>
  </gml:featureMember>

</gml:featureMembers>
</wfs:FeatureCollection>


