<?xml version='1.0' encoding="ISO-8859-1" ?>
<wfs:FeatureCollection
  xmlns:bgt="http://www.kadaster.nl/bgt/simpleBgtFeature"
  xmlns:gml="http://www.opengis.net/gml"
  xmlns:wfs="http://www.opengis.net/wfs"
  xmlns:xsi="http://www.w3.org/2001/XMLSchema-instance"
  xsi:schemaLocation="http://www.kadaster.nl/bgt/simpleBgtFeature simpleBgtFeature.xsd http://www.opengis.net/wfs http://schemas.opengis.net/wfs/1.1.0/wfs.xsd">
  <gml:boundedBy>
    <gml:Envelope srsName="EPSG:28992">
      <gml:lowerCorner>0 0</gml:lowerCorner>
      <gml:upperCorner>100 100</gml:upperCorner>
    </gml:Envelope>
  </gml:boundedBy>
  <gml:featureMembers>
    <gml:featureMember gml:id="B0001.0e3588e6ab774bc11b15ab6b1761ac97">
      <bgt:bgtFeature>
        <gml:MultiSurface>
          <gml:surfaceMember>
            <gml:Polygon srsName="EPSG:28992">
              <gml:exterior>
                <gml:Ring>
                  <gml:curveMember>
                    <gml:LineString>
                      <gml:posList>50 50 0 50 0 0 50 0 50 50</gml:posList>
                    </gml:LineString>
                  </gml:curveMember>
                </gml:Ring>
              </gml:exterior>
            </gml:Polygon>
          </gml:surfaceMember>
        </gml:MultiSurface>
        <bgt:type>PND</bgt:type>
        <bgt:foutCode>lv_nieuw</bgt:foutCode>
      </bgt:bgtFeature>
    </gml:featureMember>
  </gml:featureMembers>
</wfs:FeatureCollection>


